<?xml version="1.0" encoding="UTF-8"?>
<!-- Generated by org.testng.reporters.JUnitReportReporter -->
<testsuite hostname="DESKTOP-0M40BAC" name="main.java.anudeep.selenium.Sample" tests="1" failures="0" timestamp="19 Jul 2017 16:46:15 GMT" time="4.670" errors="0">
  <testcase name="hellowWorldProgram" time="4.670" classname="main.java.anudeep.selenium.Sample"/>
</testsuite> <!-- main.java.anudeep.selenium.Sample -->
